Vivado Simulator 2020.1
Time resolution is 1 ps
===============================================
Clock cycle                    0, PC = 00000000
ra = 00000000, t0 = 00000000, t1 = 00000000
t2 = 00000000, t3 = 00000000, t4 = 00000000
===============================================
===============================================
Clock cycle                    1, PC = 00000004
ra = 00000000, t0 = 00000000, t1 = 00000000
t2 = 00000000, t3 = 00000000, t4 = 00000000
===============================================
===============================================
Clock cycle                    2, PC = 00000008
ra = 00000000, t0 = 00000000, t1 = 00000000
t2 = 00000000, t3 = 00000000, t4 = 00000000
===============================================
===============================================
Clock cycle                    3, PC = 0000000c
ra = 00000000, t0 = 00000000, t1 = 00000000
t2 = 00000000, t3 = 00000000, t4 = 00000000
===============================================
===============================================
Clock cycle                    4, PC = 00000010
ra = 00000000, t0 = 00000000, t1 = 00000399
t2 = 00000000, t3 = 00000000, t4 = 00000000
===============================================
===============================================
Clock cycle                    5, PC = 00000010
ra = 00000000, t0 = 00000000, t1 = 00000399
t2 = 00000000, t3 = 00000000, t4 = 00000000
===============================================
===============================================
Clock cycle                    6, PC = 00000014
ra = 00000000, t0 = ffffff99, t1 = 00000399
t2 = 00000000, t3 = 00000000, t4 = 00000000
===============================================
===============================================
Clock cycle                    7, PC = 00000018
ra = 00000000, t0 = ffffff99, t1 = 00000399
t2 = 00000000, t3 = 00000000, t4 = 00000000
===============================================
===============================================
Clock cycle                    8, PC = 0000001c
ra = 00000000, t0 = ffffff99, t1 = 00000399
t2 = 00000000, t3 = 00000000, t4 = 00000000
===============================================
FATAL_ERROR: Iteration limit 10000 is reached. Possible zero delay oscillation detected where simulation time can not advance. Please check your source code. Note that the iteration limit can be changed using switch -maxdeltaid.
Time: 18 ns  Iteration: 10000
