===============================================
Clock cycle                    0, PC = 00000000
ra = 00000000, t0 = 00000000, t1 = 00000000
t2 = 00000000, t3 = 00000000, t4 = 00000000
===============================================
===============================================
Clock cycle                    1, PC = 00000001
ra = 00000000, t0 = 00000000, t1 = 00000000
t2 = 00000000, t3 = 00000000, t4 = 00000000
===============================================
===============================================
Clock cycle                    2, PC = 00000002
ra = 00000000, t0 = 00000000, t1 = 00000000
t2 = 00000000, t3 = 00000000, t4 = 00000000
===============================================
===============================================
Clock cycle                    3, PC = 00000003
ra = 00000000, t0 = 00000000, t1 = 00000000
t2 = 00000000, t3 = 00000000, t4 = 00000000
===============================================
===============================================
Clock cycle                    4, PC = 00000004
ra = 00000000, t0 = 00000000, t1 = 00000399
t2 = 00000000, t3 = 00000000, t4 = 00000000
===============================================
===============================================
Clock cycle                    5, PC = 00000004
ra = 00000000, t0 = 00000000, t1 = 00000399
t2 = 00000000, t3 = 00000000, t4 = 00000000
===============================================
===============================================
Clock cycle                    6, PC = 00000004
ra = 00000000, t0 = ffffff99, t1 = 00000399
t2 = 00000000, t3 = 00000000, t4 = 00000000
===============================================
===============================================
Clock cycle                    7, PC = 00000005
ra = 00000000, t0 = ffffff99, t1 = 00000399
t2 = 00000000, t3 = 00000000, t4 = 00000000
===============================================
===============================================
Clock cycle                    8, PC = 00000006
ra = 00000000, t0 = ffffff99, t1 = 00000399
t2 = 00000000, t3 = 00000000, t4 = 00000000
===============================================
===============================================
Clock cycle                    9, PC = 00000007
ra = 00000000, t0 = ffffff99, t1 = 00000399
t2 = 00000000, t3 = 00000000, t4 = 00000000
===============================================
===============================================
Clock cycle                   10, PC = 00000007
ra = 00000000, t0 = ffffff99, t1 = 00000399
t2 = 00000000, t3 = 00000000, t4 = 00000000
===============================================
===============================================
Clock cycle                   11, PC = 00000007
ra = 00000000, t0 = ffffff99, t1 = 00000399
t2 = 00000000, t3 = ffffff99, t4 = 00000000
===============================================
===============================================
Clock cycle                   12, PC = 00000008
ra = 00000000, t0 = ffffff99, t1 = 00000399
t2 = 00000000, t3 = ffffff99, t4 = 00000000
===============================================
===============================================
Clock cycle                   13, PC = 00000009
ra = 00000000, t0 = ffffff99, t1 = 00000399
t2 = 00000000, t3 = ffffff99, t4 = 00000000
===============================================
===============================================
Clock cycle                   14, PC = 0000000a
ra = 00000000, t0 = ffffff99, t1 = 00000399
t2 = 00000000, t3 = ffffff99, t4 = 00000000
===============================================
===============================================
Clock cycle                   15, PC = 0000000a
ra = 00000000, t0 = ffffff99, t1 = 00000399
t2 = ffffff32, t3 = ffffff99, t4 = 00000000
===============================================
===============================================
Clock cycle                   16, PC = 0000000b
ra = 00000000, t0 = ffffff99, t1 = ffffff10
t2 = ffffff32, t3 = ffffff99, t4 = 00000000
===============================================
===============================================
Clock cycle                   17, PC = 0000000c
ra = 00000000, t0 = ffffff99, t1 = ffffff10
t2 = ffffff32, t3 = ffffff99, t4 = 00000000
===============================================
===============================================
Clock cycle                   18, PC = 0000000c
ra = 00000000, t0 = ffffff99, t1 = 00000000
t2 = ffffff32, t3 = ffffff99, t4 = 00000000
===============================================
===============================================
Clock cycle                   19, PC = 0000000c
ra = 00000000, t0 = 00000000, t1 = 00000000
t2 = ffffff32, t3 = ffffff99, t4 = 00000000
===============================================
===============================================
Clock cycle                   20, PC = 0000000d
ra = 00000000, t0 = 00000000, t1 = 00000000
t2 = ffffff32, t3 = ffffff99, t4 = 00000000
===============================================
===============================================
Clock cycle                   21, PC = 0000000e
ra = 00000000, t0 = 00000000, t1 = 00000000
t2 = ffffff32, t3 = ffffff99, t4 = 00000000
===============================================
===============================================
Clock cycle                   22, PC = 00000010
ra = 00000000, t0 = 00000000, t1 = 00000000
t2 = ffffff32, t3 = ffffff99, t4 = 00000000
===============================================
===============================================
Clock cycle                   23, PC = 00000011
ra = 00000000, t0 = 00000000, t1 = 00000000
t2 = ffffff32, t3 = ffffff99, t4 = 00000000
===============================================
===============================================
Clock cycle                   24, PC = 00000012
ra = 0000000e, t0 = 00000000, t1 = 00000000
t2 = ffffff32, t3 = ffffff99, t4 = 00000000
===============================================
===============================================
Clock cycle                   25, PC = 0000000e
ra = 0000000e, t0 = 00000000, t1 = 00000000
t2 = ffffff32, t3 = ffffff99, t4 = 00000000
===============================================
===============================================
Clock cycle                   26, PC = 0000000f
ra = 0000000e, t0 = 00000000, t1 = 00000000
t2 = ffffff32, t3 = ffffffbb, t4 = 00000000
===============================================
===============================================
Clock cycle                   27, PC = 00000013
ra = 0000000e, t0 = 00000000, t1 = 00000000
t2 = ffffff32, t3 = ffffffbb, t4 = 00000000
===============================================
===============================================
Clock cycle                   28, PC = 00000014
ra = 0000000e, t0 = 00000000, t1 = 00000000
t2 = ffffff32, t3 = ffffffbb, t4 = 00000000
===============================================
===============================================
Clock cycle                   29, PC = 00000015
ra = 0000000f, t0 = 00000000, t1 = 00000000
t2 = ffffff32, t3 = ffffffbb, t4 = 00000000
===============================================
===============================================
Clock cycle                   30, PC = 00000016
ra = 0000000f, t0 = 00000000, t1 = 00000000
t2 = ffffff32, t3 = ffffffbb, t4 = 00000000
===============================================
===============================================
Clock cycle                   31, PC = 00000017
ra = 0000000f, t0 = 000000ac, t1 = 00000000
t2 = ffffff32, t3 = ffffffbb, t4 = 00000000
===============================================
===============================================
Clock cycle                   32, PC = 00000018
ra = 0000000f, t0 = 000000ac, t1 = 00000000
t2 = ffffff32, t3 = ffffffbb, t4 = 00000000
===============================================
===============================================
Clock cycle                   33, PC = 00000019
ra = 0000000f, t0 = 000000ac, t1 = 00000000
t2 = ffffff32, t3 = ffffffbb, t4 = 00000000
===============================================
===============================================
Clock cycle                   34, PC = 0000001a
ra = 0000000f, t0 = 000000ac, t1 = 00000000
t2 = ffffff32, t3 = ffffffbb, t4 = 00000000
===============================================