Vivado Simulator 2020.1
Time resolution is 1 ps
===============================================
Clock cycle           0
Read data = xxxxxxxx
hit_miss = x
===============================================
===============================================
Clock cycle           1
Read data = zzzzzzzz
hit_miss = 1
===============================================
===============================================
Clock cycle           2
Read data = ffffffab
hit_miss = 1
===============================================
===============================================
Clock cycle           3
Read data = zzzzzzzz
hit_miss = 1
===============================================
===============================================
Clock cycle           4
Read data = ffffffac
hit_miss = 1
===============================================
===============================================
Clock cycle           5
Read data = 00000042
hit_miss = 1
===============================================
===============================================
Clock cycle           6
Read data = 0000004a
hit_miss = 1
===============================================
===============================================
Clock cycle           7
Read data = ffffffac
hit_miss = 1
===============================================
===============================================
Clock cycle           8
Read data = zzzzzzzz
hit_miss = 1
===============================================
===============================================
Clock cycle           9
Read data = zzzzzzzz
hit_miss = 1
===============================================
===============================================
Clock cycle          10
Read data = ffffffae
hit_miss = 1
===============================================
===============================================
Clock cycle          11
Read data = ffffffad
hit_miss = 1
===============================================
===============================================
Clock cycle          12
Read data = 00000003
hit_miss = 1
===============================================
===============================================
Clock cycle          13
Read data = 00000003
hit_miss = x
===============================================
===============================================
Clock cycle          14
Read data = 00000003
hit_miss = x
===============================================
===============================================
Clock cycle          15
Read data = 00000003
hit_miss = x
===============================================
===============================================
Clock cycle          16
Read data = 00000003
hit_miss = x
===============================================
===============================================
Clock cycle          17
Read data = 00000003
hit_miss = x
===============================================
===============================================
Clock cycle          18
Read data = 00000003
hit_miss = x
===============================================
===============================================
Clock cycle          19
Read data = 00000003
hit_miss = x
===============================================
===============================================
Clock cycle          20
Read data = 00000003
hit_miss = x
===============================================
===============================================
Clock cycle          21
Read data = 00000003
hit_miss = x
===============================================
===============================================
Clock cycle          22
Read data = 00000003
hit_miss = x
===============================================
===============================================
Clock cycle          23
Read data = 00000003
hit_miss = x
===============================================
===============================================
Clock cycle          24
Read data = 00000003
hit_miss = x
===============================================
===============================================
Clock cycle          25
Read data = 00000003
hit_miss = x
===============================================
===============================================
Clock cycle          26
Read data = 00000003
hit_miss = x
===============================================
===============================================
Clock cycle          27
Read data = 00000003
hit_miss = x
===============================================
===============================================
Clock cycle          28
Read data = 00000003
hit_miss = x
===============================================
===============================================
Clock cycle          29
Read data = 00000003
hit_miss = x
===============================================
===============================================
Clock cycle          30
Read data = 00000003
hit_miss = x
===============================================
===============================================
Clock cycle          31
Read data = 00000003
hit_miss = x
===============================================
===============================================
Clock cycle          32
Read data = 00000003
hit_miss = x
===============================================
===============================================
Clock cycle          33
Read data = 00000003
hit_miss = x
===============================================
===============================================
Clock cycle          34
Read data = 00000003
hit_miss = x
===============================================
===============================================
Clock cycle          35
Read data = 00000003
hit_miss = x
===============================================
===============================================
Clock cycle          36
Read data = 00000003
hit_miss = x
===============================================
===============================================
Clock cycle          37
Read data = 00000003
hit_miss = x
===============================================
===============================================
Clock cycle          38
Read data = 00000003
hit_miss = x
===============================================
===============================================
Clock cycle          39
Read data = 00000003
hit_miss = x
===============================================
===============================================
Clock cycle          40
Read data = 00000003
hit_miss = x
===============================================
===============================================
Clock cycle          41
Read data = 00000003
hit_miss = x
===============================================
===============================================
Clock cycle          42
Read data = 00000003
hit_miss = x
===============================================
===============================================
Clock cycle          43
Read data = 00000003
hit_miss = x
===============================================
===============================================
Clock cycle          44
Read data = 00000003
hit_miss = x
===============================================
===============================================
Clock cycle          45
Read data = 00000003
hit_miss = x
===============================================
===============================================
Clock cycle          46
Read data = 00000003
hit_miss = x
===============================================
===============================================
Clock cycle          47
Read data = 00000003
hit_miss = x
===============================================
===============================================
Clock cycle          48
Read data = 00000003
hit_miss = x
===============================================
===============================================
Clock cycle          49
Read data = 00000003
hit_miss = x
===============================================
$stop called at time : 1 us : File "E:/Semesters/FA22/VE370/Labs/Lab6/test.v" Line 47
===============================================
Clock cycle           0
Read data = xxxxxxxx
hit_miss = x
===============================================
===============================================
Clock cycle           1
Read data = zzzzzzzz
hit_miss = 1
===============================================
===============================================
Clock cycle           2
Read data = ffffffab
hit_miss = 1
===============================================
===============================================
Clock cycle           3
Read data = zzzzzzzz
hit_miss = 1
===============================================
===============================================
Clock cycle           4
Read data = ffffffac
hit_miss = 1
===============================================
===============================================
Clock cycle           5
Read data = 00000042
hit_miss = 1
===============================================
===============================================
Clock cycle           6
Read data = 0000004a
hit_miss = 1
===============================================
===============================================
Clock cycle           7
Read data = ffffffac
hit_miss = 1
===============================================
===============================================
Clock cycle           8
Read data = zzzzzzzz
hit_miss = 1
===============================================
===============================================
Clock cycle           9
Read data = zzzzzzzz
hit_miss = 1
===============================================
===============================================
Clock cycle          10
Read data = ffffffae
hit_miss = 1
===============================================
===============================================
Clock cycle          11
Read data = ffffffad
hit_miss = 1
===============================================
===============================================
Clock cycle          12
Read data = 00000003
hit_miss = 1
===============================================
===============================================
Clock cycle          13
Read data = 00000003
hit_miss = x
===============================================
===============================================
Clock cycle          14
Read data = 00000003
hit_miss = x
===============================================
===============================================
Clock cycle          15
Read data = 00000003
hit_miss = x
===============================================
===============================================
Clock cycle          16
Read data = 00000003
hit_miss = x
===============================================
===============================================
Clock cycle          17
Read data = 00000003
hit_miss = x
===============================================
===============================================
Clock cycle          18
Read data = 00000003
hit_miss = x
===============================================
===============================================
Clock cycle          19
Read data = 00000003
hit_miss = x
===============================================
===============================================
Clock cycle          20
Read data = 00000003
hit_miss = x
===============================================
===============================================
Clock cycle          21
Read data = 00000003
hit_miss = x
===============================================
===============================================
Clock cycle          22
Read data = 00000003
hit_miss = x
===============================================
===============================================
Clock cycle          23
Read data = 00000003
hit_miss = x
===============================================
===============================================
Clock cycle          24
Read data = 00000003
hit_miss = x
===============================================
===============================================
Clock cycle          25
Read data = 00000003
hit_miss = x
===============================================
===============================================
Clock cycle          26
Read data = 00000003
hit_miss = x
===============================================
===============================================
Clock cycle          27
Read data = 00000003
hit_miss = x
===============================================
===============================================
Clock cycle          28
Read data = 00000003
hit_miss = x
===============================================
===============================================
Clock cycle          29
Read data = 00000003
hit_miss = x
===============================================
===============================================
Clock cycle          30
Read data = 00000003
hit_miss = x
===============================================
===============================================
Clock cycle          31
Read data = 00000003
hit_miss = x
===============================================
===============================================
Clock cycle          32
Read data = 00000003
hit_miss = x
===============================================
===============================================
Clock cycle          33
Read data = 00000003
hit_miss = x
===============================================
===============================================
Clock cycle          34
Read data = 00000003
hit_miss = x
===============================================
===============================================
Clock cycle          35
Read data = 00000003
hit_miss = x
===============================================
===============================================
Clock cycle          36
Read data = 00000003
hit_miss = x
===============================================
===============================================
Clock cycle          37
Read data = 00000003
hit_miss = x
===============================================
===============================================
Clock cycle          38
Read data = 00000003
hit_miss = x
===============================================
===============================================
Clock cycle          39
Read data = 00000003
hit_miss = x
===============================================
===============================================
Clock cycle          40
Read data = 00000003
hit_miss = x
===============================================
===============================================
Clock cycle          41
Read data = 00000003
hit_miss = x
===============================================
===============================================
Clock cycle          42
Read data = 00000003
hit_miss = x
===============================================
===============================================
Clock cycle          43
Read data = 00000003
hit_miss = x
===============================================
===============================================
Clock cycle          44
Read data = 00000003
hit_miss = x
===============================================
===============================================
Clock cycle          45
Read data = 00000003
hit_miss = x
===============================================
===============================================
Clock cycle          46
Read data = 00000003
hit_miss = x
===============================================
===============================================
Clock cycle          47
Read data = 00000003
hit_miss = x
===============================================
===============================================
Clock cycle          48
Read data = 00000003
hit_miss = x
===============================================
===============================================
Clock cycle          49
Read data = 00000003
hit_miss = x
===============================================
$stop called at time : 1 us : File "E:/Semesters/FA22/VE370/Labs/Lab6/test.v" Line 47
