===============================================
Clock cycle                    0, PC = 00000000
ra = 00000000, t0 = 00000000, t1 = 00000000
t2 = 00000000, t3 = 00000000, t4 = 00000000
===============================================
===============================================
Clock cycle                    1, PC = 00000004
ra = 00000000, t0 = 00000000, t1 = 00000000
t2 = 00000000, t3 = 00000000, t4 = 00000000
===============================================
===============================================
Clock cycle                    2, PC = 00000008
ra = 00000000, t0 = 00000000, t1 = 00000000
t2 = 00000000, t3 = 00000000, t4 = 00000000
===============================================
===============================================
Clock cycle                    3, PC = 0000000c
ra = 00000000, t0 = 00000000, t1 = 00000000
t2 = 00000000, t3 = 00000000, t4 = 00000000
===============================================
===============================================
Clock cycle                    4, PC = 00000010
ra = 00000000, t0 = 00000000, t1 = 00000399
t2 = 00000000, t3 = 00000000, t4 = 00000000
===============================================
===============================================
Clock cycle                    5, PC = 00000014
ra = 00000000, t0 = 00000000, t1 = 00000399
t2 = 00000000, t3 = 00000000, t4 = 00000000
===============================================
===============================================
Clock cycle                    6, PC = 00000018
ra = 00000000, t0 = ffffff99, t1 = 00000399
t2 = 00000000, t3 = 00000000, t4 = 00000000
===============================================
===============================================
Clock cycle                    7, PC = 0000001c
ra = 00000000, t0 = ffffff99, t1 = 00000399
t2 = 00000000, t3 = 00000000, t4 = 00000000
===============================================
===============================================
Clock cycle                    8, PC = 0000001c
ra = 00000000, t0 = ffffff99, t1 = 00000399
t2 = 00000000, t3 = 00000000, t4 = 00000000
===============================================
===============================================
Clock cycle                    9, PC = 0000001c
ra = 00000000, t0 = ffffff99, t1 = 00000399
t2 = 00000000, t3 = ffffff99, t4 = 00000000
===============================================
===============================================
Clock cycle                   10, PC = 00000020
ra = 00000000, t0 = ffffff99, t1 = 00000399
t2 = 00000000, t3 = ffffff99, t4 = 00000000
===============================================
===============================================
Clock cycle                   11, PC = 00000024
ra = 00000000, t0 = ffffff99, t1 = 00000399
t2 = 00000000, t3 = ffffff99, t4 = 00000000
===============================================
===============================================
Clock cycle                   12, PC = 00000028
ra = 00000000, t0 = ffffff99, t1 = 00000399
t2 = 00000000, t3 = ffffff99, t4 = 00000000
===============================================
===============================================
Clock cycle                   13, PC = 0000002c
ra = 00000000, t0 = ffffff99, t1 = 00000399
t2 = ffffff32, t3 = ffffff99, t4 = 00000000
===============================================
===============================================
Clock cycle                   14, PC = 00000030
ra = 00000000, t0 = ffffff99, t1 = ffffff10
t2 = ffffff32, t3 = ffffff99, t4 = 00000000
===============================================
===============================================
Clock cycle                   15, PC = 00000030
ra = 00000000, t0 = ffffff99, t1 = 00000000
t2 = ffffff32, t3 = ffffff99, t4 = 00000000
===============================================
===============================================
Clock cycle                   16, PC = 00000034
ra = 00000000, t0 = 00000000, t1 = 00000000
t2 = ffffff32, t3 = ffffff99, t4 = 00000000
===============================================
===============================================
Clock cycle                   17, PC = 00000038
ra = 00000000, t0 = 00000000, t1 = 00000000
t2 = ffffff32, t3 = ffffff99, t4 = 00000000
===============================================
===============================================
Clock cycle                   18, PC = 00000040
ra = 00000000, t0 = 00000000, t1 = 00000000
t2 = ffffff32, t3 = ffffff99, t4 = 00000000
===============================================
===============================================
Clock cycle                   19, PC = 00000044
ra = 00000000, t0 = 00000000, t1 = 00000000
t2 = ffffff32, t3 = ffffff99, t4 = 00000000
===============================================
===============================================
Clock cycle                   20, PC = 00000048
ra = 00000038, t0 = 00000000, t1 = 00000000
t2 = ffffff32, t3 = ffffff99, t4 = 00000000
===============================================
===============================================
Clock cycle                   21, PC = 00000038
ra = 00000038, t0 = 00000000, t1 = 00000000
t2 = ffffff32, t3 = ffffff99, t4 = 00000000
===============================================
===============================================
Clock cycle                   22, PC = 0000003c
ra = 00000038, t0 = 00000000, t1 = 00000000
t2 = ffffff32, t3 = ffffffbb, t4 = 00000000
===============================================
===============================================
Clock cycle                   23, PC = 0000004c
ra = 00000038, t0 = 00000000, t1 = 00000000
t2 = ffffff32, t3 = ffffffbb, t4 = 00000000
===============================================
===============================================
Clock cycle                   24, PC = 00000050
ra = 00000038, t0 = 00000000, t1 = 00000000
t2 = ffffff32, t3 = ffffffbb, t4 = 00000000
===============================================
===============================================
Clock cycle                   25, PC = 00000054
ra = 0000003c, t0 = 00000000, t1 = 00000000
t2 = ffffff32, t3 = ffffffbb, t4 = 00000000
===============================================
===============================================
Clock cycle                   26, PC = 00000058
ra = 0000003c, t0 = 00000000, t1 = 00000000
t2 = ffffff32, t3 = ffffffbb, t4 = 00000000
===============================================
===============================================
Clock cycle                   27, PC = 0000005c
ra = 0000003c, t0 = 000000ac, t1 = 00000000
t2 = ffffff32, t3 = ffffffbb, t4 = 00000000
===============================================
===============================================
Clock cycle                   28, PC = 00000060
ra = 0000003c, t0 = 000000ac, t1 = 00000000
t2 = ffffff32, t3 = ffffffbb, t4 = 00000000
===============================================
===============================================
Clock cycle                   29, PC = 00000064
ra = 0000003c, t0 = 000000ac, t1 = 00000000
t2 = ffffff32, t3 = ffffffbb, t4 = 00000000
===============================================
===============================================
Clock cycle                   30, PC = 00000068
ra = 0000003c, t0 = 000000ac, t1 = 00000000
t2 = ffffff32, t3 = ffffffbb, t4 = 00000000
===============================================